Build started 1/23/2014 10:26:12 AM.
     1>Project "E:\Source\Repos\EsercitazioniInfoA\Liste\Liste.vcxproj" on node 2 (Build target(s)).
     1>ClCompile:
         C:\Program Files (x86)\Microsoft Visual Studio 12.0\VC\bin\CL.exe /c /ZI /nologo /W3 /WX- /sdl /Od /Oy- /D WIN32 /D _DEBUG /D _CONSOLE /D _LIB /D _CRT_SECURE_NO_WARNINGS /D _UNICODE /D UNICODE /Gm /EHsc /RTC1 /MDd /GS /fp:precise /Zc:wchar_t /Zc:forScope /Fo"Debug\\" /Fd"Debug\vc120.pdb" /Gd /TP /analyze- /errorReport:prompt TDE14092010.cpp
         TDE14092010.cpp
     1>e:\source\repos\esercitazioniinfoa\liste\tde14092010.cpp(74): error C3861: 'instesta': identifier not found
     1>Done Building Project "E:\Source\Repos\EsercitazioniInfoA\Liste\Liste.vcxproj" (Build target(s)) -- FAILED.

Build FAILED.

Time Elapsed 00:00:00.15
